
> mission-control@2.0.1 dev C:\Users\khamis\Documents\mission-control
> pnpm run verify:node && next dev --hostname 127.0.0.1 --port 3000


> mission-control@2.0.1 verify:node C:\Users\khamis\Documents\mission-control
> node scripts/check-node-version.mjs

⚠ Warning: Next.js inferred your workspace root, but it may not be correct.
 We detected multiple lockfiles and selected the directory of C:\Users\khamis\package-lock.json as the root directory.
 To silence this warning, set `turbopack.root` in your Next.js config, or consider removing one of the lockfiles if it's not needed.
   See https://nextjs.org/docs/app/api-reference/config/next-config-js/turbopack#root-directory for more information.
 Detected additional lockfiles: 
   * C:\Users\khamis\Documents\mission-control\pnpm-lock.yaml

▲ Next.js 16.1.6 (Turbopack)
- Local:         http://127.0.0.1:3000
- Network:       http://127.0.0.1:3000

✓ Starting...
✓ Ready in 907ms
 GET /api/projects 200 in 529ms (compile: 498ms, proxy.ts: 13ms, render: 18ms)
[03:19:49.332] [31mERROR[39m (65596): [36mFailed to apply database migrations[39m
    err: {
      "type": "SqliteError",
      "message": "no such column: link_context",
      "stack":
          SqliteError: no such column: link_context
              at Database.exec (C:\Users\khamis\Documents\mission-control\node_modules\.pnpm\better-sqlite3@12.6.2\node_modules\better-sqlite3\lib\methods\wrappers.js:9:14)
              at Object.up (C:\Users\khamis\Documents\mission-control\.next\dev\server\chunks\[root-of-the-server]__4fba3df1._.js:1693:16)
              at C:\Users\khamis\Documents\mission-control\.next\dev\server\chunks\[root-of-the-server]__4fba3df1._.js:1714:23
              at sqliteTransaction (C:\Users\khamis\Documents\mission-control\node_modules\.pnpm\better-sqlite3@12.6.2\node_modules\better-sqlite3\lib\methods\transaction.js:65:24)
              at runMigrations (C:\Users\khamis\Documents\mission-control\.next\dev\server\chunks\[root-of-the-server]__4fba3df1._.js:1716:11)
              at initializeSchema (C:\Users\khamis\Documents\mission-control\.next\dev\server\chunks\[root-of-the-server]__4fba3df1._.js:2184:188)
              at getDatabase (C:\Users\khamis\Documents\mission-control\.next\dev\server\chunks\[root-of-the-server]__4fba3df1._.js:2174:9)
              at module evaluation (C:\Users\khamis\Documents\mission-control\.next\dev\server\chunks\[root-of-the-server]__4fba3df1._.js:2460:9)
              at instantiateModule (C:\Users\khamis\Documents\mission-control\.next\dev\server\chunks\[turbopack]_runtime.js:740:9)
              at getOrInstantiateModuleFromParent (C:\Users\khamis\Documents\mission-control\.next\dev\server\chunks\[turbopack]_runtime.js:763:12)
              at Context.esmImport [as i] (C:\Users\khamis\Documents\mission-control\.next\dev\server\chunks\[turbopack]_runtime.js:228:20)
              at module evaluation (C:\Users\khamis\Documents\mission-control\.next\dev\server\chunks\[root-of-the-server]__4fba3df1._.js:3560:179)
              at instantiateModule (C:\Users\khamis\Documents\mission-control\.next\dev\server\chunks\[turbopack]_runtime.js:740:9)
              at getOrInstantiateModuleFromParent (C:\Users\khamis\Documents\mission-control\.next\dev\server\chunks\[turbopack]_runtime.js:763:12)
              at Context.esmImport [as i] (C:\Users\khamis\Documents\mission-control\.next\dev\server\chunks\[turbopack]_runtime.js:228:20)
              at module evaluation (C:\Users\khamis\Documents\mission-control\.next\dev\server\chunks\[root-of-the-server]__2b748565._.js:17927:201)
              at instantiateModule (C:\Users\khamis\Documents\mission-control\.next\dev\server\chunks\[turbopack]_runtime.js:740:9)
              at instantiateRuntimeModule (C:\Users\khamis\Documents\mission-control\.next\dev\server\chunks\[turbopack]_runtime.js:768:12)
              at getOrInstantiateRuntimeModule (C:\Users\khamis\Documents\mission-control\.next\dev\server\chunks\[turbopack]_runtime.js:781:12)
              at Object.m (C:\Users\khamis\Documents\mission-control\.next\dev\server\chunks\[turbopack]_runtime.js:790:18)
              at Object.<anonymous> (C:\Users\khamis\Documents\mission-control\.next\dev\server\app\api\projects\route.js:6:3)
              at Module._compile (node:internal/modules/cjs/loader:1760:14)
              at Object..js (node:internal/modules/cjs/loader:1892:10)
              at Module.load (node:internal/modules/cjs/loader:1480:32)
              at Module._load (node:internal/modules/cjs/loader:1299:12)
              at TracingChannel.traceSync (node:diagnostics_channel:328:14)
              at wrapModuleLoad (node:internal/modules/cjs/loader:245:24)
              at Module.<anonymous> (node:internal/modules/cjs/loader:1503:12)
              at mod.require (C:\Users\khamis\Documents\mission-control\node_modules\.pnpm\next@16.1.6_@babel+core@7.2_2884e55c18333d436dfed79a72263e38\node_modules\next\dist\server\require-hook.js:68:28)
              at require (node:internal/modules/helpers:152:16)
              at requirePage (C:\Users\khamis\Documents\mission-control\node_modules\.pnpm\next@16.1.6_@babel+core@7.2_2884e55c18333d436dfed79a72263e38\node_modules\next\dist\server\require.js:105:80)
              at loadComponentsImpl (C:\Users\khamis\Documents\mission-control\node_modules\.pnpm\next@16.1.6_@babel+core@7.2_2884e55c18333d436dfed79a72263e38\node_modules\next\dist\server\load-components.js:155:61)
              at DevServer.findPageComponentsImpl (C:\Users\khamis\Documents\mission-control\node_modules\.pnpm\next@16.1.6_@babel+core@7.2_2884e55c18333d436dfed79a72263e38\node_modules\next\dist\server\next-server.js:877:77)
              at C:\Users\khamis\Documents\mission-control\node_modules\.pnpm\next@16.1.6_@babel+core@7.2_2884e55c18333d436dfed79a72263e38\node_modules\next\dist\server\next-server.js:859:21
              at C:\Users\khamis\Documents\mission-control\node_modules\.pnpm\next@16.1.6_@babel+core@7.2_2884e55c18333d436dfed79a72263e38\node_modules\next\dist\server\lib\trace\tracer.js:185:36
              at NoopContextManager.with (C:\Users\khamis\Documents\mission-control\node_modules\.pnpm\@opentelemetry+api@1.9.0\node_modules\@opentelemetry\api\build\src\context\NoopContextManager.js:25:19)
              at ContextAPI.with (C:\Users\khamis\Documents\mission-control\node_modules\.pnpm\@opentelemetry+api@1.9.0\node_modules\@opentelemetry\api\build\src\api\context.js:60:46)
              at NoopTracer.startActiveSpan (C:\Users\khamis\Documents\mission-control\node_modules\.pnpm\@opentelemetry+api@1.9.0\node_modules\@opentelemetry\api\build\src\trace\NoopTracer.js:65:31)
              at ProxyTracer.startActiveSpan (C:\Users\khamis\Documents\mission-control\node_modules\.pnpm\@opentelemetry+api@1.9.0\node_modules\@opentelemetry\api\build\src\trace\ProxyTracer.js:36:24)
              at C:\Users\khamis\Documents\mission-control\node_modules\.pnpm\next@16.1.6_@babel+core@7.2_2884e55c18333d436dfed79a72263e38\node_modules\next\dist\server\lib\trace\tracer.js:154:103
              at NoopContextManager.with (C:\Users\khamis\Documents\mission-control\node_modules\.pnpm\@opentelemetry+api@1.9.0\node_modules\@opentelemetry\api\build\src\context\NoopContextManager.js:25:19)
              at ContextAPI.with (C:\Users\khamis\Documents\mission-control\node_modules\.pnpm\@opentelemetry+api@1.9.0\node_modules\@opentelemetry\api\build\src\api\context.js:60:46)
              at NextTracerImpl.trace (C:\Users\khamis\Documents\mission-control\node_modules\.pnpm\next@16.1.6_@babel+core@7.2_2884e55c18333d436dfed79a72263e38\node_modules\next\dist\server\lib\trace\tracer.js:154:28)
              at DevServer.findPageComponents (C:\Users\khamis\Documents\mission-control\node_modules\.pnpm\next@16.1.6_@babel+core@7.2_2884e55c18333d436dfed79a72263e38\node_modules\next\dist\server\next-server.js:854:41)
              at DevServer.findPageComponents (C:\Users\khamis\Documents\mission-control\node_modules\.pnpm\next@16.1.6_@babel+core@7.2_2884e55c18333d436dfed79a72263e38\node_modules\next\dist\server\dev\next-dev-server.js:691:28)
              at async DevServer.renderPageComponent (C:\Users\khamis\Documents\mission-control\node_modules\.pnpm\next@16.1.6_@babel+core@7.2_2884e55c18333d436dfed79a72263e38\node_modules\next\dist\server\base-server.js:1480:24)
              at async DevServer.renderToResponseImpl (C:\Users\khamis\Documents\mission-control\node_modules\.pnpm\next@16.1.6_@babel+core@7.2_2884e55c18333d436dfed79a72263e38\node_modules\next\dist\server\base-server.js:1544:32)
              at async DevServer.pipeImpl (C:\Users\khamis\Documents\mission-control\node_modules\.pnpm\next@16.1.6_@babel+core@7.2_2884e55c18333d436dfed79a72263e38\node_modules\next\dist\server\base-server.js:1038:25)
              at async NextNodeServer.handleCatchallRenderRequest (C:\Users\khamis\Documents\mission-control\node_modules\.pnpm\next@16.1.6_@babel+core@7.2_2884e55c18333d436dfed79a72263e38\node_modules\next\dist\server\next-server.js:395:17)
              at async DevServer.handleRequestImpl (C:\Users\khamis\Documents\mission-control\node_modules\.pnpm\next@16.1.6_@babel+core@7.2_2884e55c18333d436dfed79a72263e38\node_modules\next\dist\server\base-server.js:929:17)
      "code": "SQLITE_ERROR"
    }
[03:19:49.332] [31mERROR[39m (65596): [36mFailed to initialize database[39m
    err: {
      "type": "SqliteError",
      "message": "no such column: link_context",
      "stack":
          SqliteError: no such column: link_context
              at Database.exec (C:\Users\khamis\Documents\mission-control\node_modules\.pnpm\better-sqlite3@12.6.2\node_modules\better-sqlite3\lib\methods\wrappers.js:9:14)
              at Object.up (C:\Users\khamis\Documents\mission-control\.next\dev\server\chunks\[root-of-the-server]__4fba3df1._.js:1693:16)
              at C:\Users\khamis\Documents\mission-control\.next\dev\server\chunks\[root-of-the-server]__4fba3df1._.js:1714:23
              at sqliteTransaction (C:\Users\khamis\Documents\mission-control\node_modules\.pnpm\better-sqlite3@12.6.2\node_modules\better-sqlite3\lib\methods\transaction.js:65:24)
              at runMigrations (C:\Users\khamis\Documents\mission-control\.next\dev\server\chunks\[root-of-the-server]__4fba3df1._.js:1716:11)
              at initializeSchema (C:\Users\khamis\Documents\mission-control\.next\dev\server\chunks\[root-of-the-server]__4fba3df1._.js:2184:188)
              at getDatabase (C:\Users\khamis\Documents\mission-control\.next\dev\server\chunks\[root-of-the-server]__4fba3df1._.js:2174:9)
              at module evaluation (C:\Users\khamis\Documents\mission-control\.next\dev\server\chunks\[root-of-the-server]__4fba3df1._.js:2460:9)
              at instantiateModule (C:\Users\khamis\Documents\mission-control\.next\dev\server\chunks\[turbopack]_runtime.js:740:9)
              at getOrInstantiateModuleFromParent (C:\Users\khamis\Documents\mission-control\.next\dev\server\chunks\[turbopack]_runtime.js:763:12)
              at Context.esmImport [as i] (C:\Users\khamis\Documents\mission-control\.next\dev\server\chunks\[turbopack]_runtime.js:228:20)
              at module evaluation (C:\Users\khamis\Documents\mission-control\.next\dev\server\chunks\[root-of-the-server]__4fba3df1._.js:3560:179)
              at instantiateModule (C:\Users\khamis\Documents\mission-control\.next\dev\server\chunks\[turbopack]_runtime.js:740:9)
              at getOrInstantiateModuleFromParent (C:\Users\khamis\Documents\mission-control\.next\dev\server\chunks\[turbopack]_runtime.js:763:12)
              at Context.esmImport [as i] (C:\Users\khamis\Documents\mission-control\.next\dev\server\chunks\[turbopack]_runtime.js:228:20)
              at module evaluation (C:\Users\khamis\Documents\mission-control\.next\dev\server\chunks\[root-of-the-server]__2b748565._.js:17927:201)
              at instantiateModule (C:\Users\khamis\Documents\mission-control\.next\dev\server\chunks\[turbopack]_runtime.js:740:9)
              at instantiateRuntimeModule (C:\Users\khamis\Documents\mission-control\.next\dev\server\chunks\[turbopack]_runtime.js:768:12)
              at getOrInstantiateRuntimeModule (C:\Users\khamis\Documents\mission-control\.next\dev\server\chunks\[turbopack]_runtime.js:781:12)
              at Object.m (C:\Users\khamis\Documents\mission-control\.next\dev\server\chunks\[turbopack]_runtime.js:790:18)
              at Object.<anonymous> (C:\Users\khamis\Documents\mission-control\.next\dev\server\app\api\projects\route.js:6:3)
              at Module._compile (node:internal/modules/cjs/loader:1760:14)
              at Object..js (node:internal/modules/cjs/loader:1892:10)
              at Module.load (node:internal/modules/cjs/loader:1480:32)
              at Module._load (node:internal/modules/cjs/loader:1299:12)
              at TracingChannel.traceSync (node:diagnostics_channel:328:14)
              at wrapModuleLoad (node:internal/modules/cjs/loader:245:24)
              at Module.<anonymous> (node:internal/modules/cjs/loader:1503:12)
              at mod.require (C:\Users\khamis\Documents\mission-control\node_modules\.pnpm\next@16.1.6_@babel+core@7.2_2884e55c18333d436dfed79a72263e38\node_modules\next\dist\server\require-hook.js:68:28)
              at require (node:internal/modules/helpers:152:16)
              at requirePage (C:\Users\khamis\Documents\mission-control\node_modules\.pnpm\next@16.1.6_@babel+core@7.2_2884e55c18333d436dfed79a72263e38\node_modules\next\dist\server\require.js:105:80)
              at loadComponentsImpl (C:\Users\khamis\Documents\mission-control\node_modules\.pnpm\next@16.1.6_@babel+core@7.2_2884e55c18333d436dfed79a72263e38\node_modules\next\dist\server\load-components.js:155:61)
              at DevServer.findPageComponentsImpl (C:\Users\khamis\Documents\mission-control\node_modules\.pnpm\next@16.1.6_@babel+core@7.2_2884e55c18333d436dfed79a72263e38\node_modules\next\dist\server\next-server.js:877:77)
              at C:\Users\khamis\Documents\mission-control\node_modules\.pnpm\next@16.1.6_@babel+core@7.2_2884e55c18333d436dfed79a72263e38\node_modules\next\dist\server\next-server.js:859:21
              at C:\Users\khamis\Documents\mission-control\node_modules\.pnpm\next@16.1.6_@babel+core@7.2_2884e55c18333d436dfed79a72263e38\node_modules\next\dist\server\lib\trace\tracer.js:185:36
              at NoopContextManager.with (C:\Users\khamis\Documents\mission-control\node_modules\.pnpm\@opentelemetry+api@1.9.0\node_modules\@opentelemetry\api\build\src\context\NoopContextManager.js:25:19)
              at ContextAPI.with (C:\Users\khamis\Documents\mission-control\node_modules\.pnpm\@opentelemetry+api@1.9.0\node_modules\@opentelemetry\api\build\src\api\context.js:60:46)
              at NoopTracer.startActiveSpan (C:\Users\khamis\Documents\mission-control\node_modules\.pnpm\@opentelemetry+api@1.9.0\node_modules\@opentelemetry\api\build\src\trace\NoopTracer.js:65:31)
              at ProxyTracer.startActiveSpan (C:\Users\khamis\Documents\mission-control\node_modules\.pnpm\@opentelemetry+api@1.9.0\node_modules\@opentelemetry\api\build\src\trace\ProxyTracer.js:36:24)
              at C:\Users\khamis\Documents\mission-control\node_modules\.pnpm\next@16.1.6_@babel+core@7.2_2884e55c18333d436dfed79a72263e38\node_modules\next\dist\server\lib\trace\tracer.js:154:103
              at NoopContextManager.with (C:\Users\khamis\Documents\mission-control\node_modules\.pnpm\@opentelemetry+api@1.9.0\node_modules\@opentelemetry\api\build\src\context\NoopContextManager.js:25:19)
              at ContextAPI.with (C:\Users\khamis\Documents\mission-control\node_modules\.pnpm\@opentelemetry+api@1.9.0\node_modules\@opentelemetry\api\build\src\api\context.js:60:46)
              at NextTracerImpl.trace (C:\Users\khamis\Documents\mission-control\node_modules\.pnpm\next@16.1.6_@babel+core@7.2_2884e55c18333d436dfed79a72263e38\node_modules\next\dist\server\lib\trace\tracer.js:154:28)
              at DevServer.findPageComponents (C:\Users\khamis\Documents\mission-control\node_modules\.pnpm\next@16.1.6_@babel+core@7.2_2884e55c18333d436dfed79a72263e38\node_modules\next\dist\server\next-server.js:854:41)
              at DevServer.findPageComponents (C:\Users\khamis\Documents\mission-control\node_modules\.pnpm\next@16.1.6_@babel+core@7.2_2884e55c18333d436dfed79a72263e38\node_modules\next\dist\server\dev\next-dev-server.js:691:28)
              at async DevServer.renderPageComponent (C:\Users\khamis\Documents\mission-control\node_modules\.pnpm\next@16.1.6_@babel+core@7.2_2884e55c18333d436dfed79a72263e38\node_modules\next\dist\server\base-server.js:1480:24)
              at async DevServer.renderToResponseImpl (C:\Users\khamis\Documents\mission-control\node_modules\.pnpm\next@16.1.6_@babel+core@7.2_2884e55c18333d436dfed79a72263e38\node_modules\next\dist\server\base-server.js:1544:32)
              at async DevServer.pipeImpl (C:\Users\khamis\Documents\mission-control\node_modules\.pnpm\next@16.1.6_@babel+core@7.2_2884e55c18333d436dfed79a72263e38\node_modules\next\dist\server\base-server.js:1038:25)
              at async NextNodeServer.handleCatchallRenderRequest (C:\Users\khamis\Documents\mission-control\node_modules\.pnpm\next@16.1.6_@babel+core@7.2_2884e55c18333d436dfed79a72263e38\node_modules\next\dist\server\next-server.js:395:17)
              at async DevServer.handleRequestImpl (C:\Users\khamis\Documents\mission-control\node_modules\.pnpm\next@16.1.6_@babel+core@7.2_2884e55c18333d436dfed79a72263e38\node_modules\next\dist\server\base-server.js:929:17)
      "code": "SQLITE_ERROR"
    }
 GET /api/tasks 200 in 626ms (compile: 609ms, proxy.ts: 10ms, render: 7ms)
 GET /api/agents 200 in 668ms (compile: 650ms, proxy.ts: 8ms, render: 11ms)
 GET /api/quality-review?taskIds=2,3,4,5,6,7,8,9,1 200 in 524ms (compile: 508ms, proxy.ts: 5ms, render: 11ms)
○ Compiling /[[...panel]] ...
 GET /tasks 200 in 7.3s (compile: 5.9s, proxy.ts: 97ms, render: 1304ms)
 GET /api/events 200 in 5.1s (compile: 437ms, proxy.ts: 6ms, render: 4.7s)
 GET /.well-known/appspecific/com.chrome.devtools.json 200 in 235ms (compile: 102ms, proxy.ts: 7ms, render: 127ms)
 GET /api/agents 200 in 54ms (compile: 16ms, proxy.ts: 25ms, render: 13ms)
 GET /api/projects 200 in 60ms (compile: 30ms, proxy.ts: 23ms, render: 7ms)
 GET /api/onboarding 200 in 268ms (compile: 233ms, proxy.ts: 28ms, render: 8ms)
 GET /api/auth/me 200 in 360ms (compile: 330ms, proxy.ts: 23ms, render: 7ms)
 GET /api/memory/graph?agent=all 200 in 363ms (compile: 344ms, proxy.ts: 10ms, render: 10ms)
 GET /api/skills 200 in 608ms (compile: 596ms, proxy.ts: 5ms, render: 7ms)
 GET /api/status?action=capabilities 200 in 739ms (compile: 491ms, proxy.ts: 27ms, render: 221ms)
 GET /api/projects 200 in 25ms (compile: 7ms, proxy.ts: 14ms, render: 5ms)
 GET /api/projects 200 in 31ms (compile: 12ms, proxy.ts: 14ms, render: 4ms)
 GET /api/tasks 200 in 20ms (compile: 5ms, proxy.ts: 9ms, render: 6ms)
 GET /api/agents 200 in 21ms (compile: 3ms, proxy.ts: 8ms, render: 10ms)
 GET /api/projects 200 in 18ms (compile: 5ms, proxy.ts: 6ms, render: 7ms)
 GET /api/super/tenants 200 in 211ms (compile: 189ms, proxy.ts: 12ms, render: 9ms)
 GET /api/super/os-users 200 in 311ms (compile: 279ms, proxy.ts: 14ms, render: 19ms)
 GET /api/openclaw/doctor 400 in 364ms (compile: 346ms, proxy.ts: 8ms, render: 10ms)
 GET /api/super/tenants 200 in 28ms (compile: 11ms, proxy.ts: 12ms, render: 5ms)
 GET /api/super/os-users 200 in 35ms (compile: 16ms, proxy.ts: 13ms, render: 5ms)
 GET /api/projects 200 in 41ms (compile: 22ms, proxy.ts: 14ms, render: 5ms)
 GET /api/projects 200 in 27ms (compile: 10ms, proxy.ts: 12ms, render: 5ms)
 GET /api/openclaw/doctor 400 in 41ms (compile: 15ms, proxy.ts: 13ms, render: 13ms)
 GET /api/tasks 200 in 49ms (compile: 29ms, proxy.ts: 14ms, render: 7ms)
 GET /api/gnap 200 in 215ms (compile: 195ms, proxy.ts: 13ms, render: 7ms)
 GET /api/agents 200 in 136ms (compile: 114ms, proxy.ts: 10ms, render: 11ms)
 GET /api/projects 200 in 142ms (compile: 126ms, proxy.ts: 10ms, render: 5ms)
 GET /api/quality-review?taskIds=2,3,4,5,6,7,8,9,1 200 in 35ms (compile: 10ms, proxy.ts: 20ms, render: 5ms)
 GET /api/tasks 200 in 36ms (compile: 9ms, proxy.ts: 21ms, render: 6ms)
 GET /api/gnap 200 in 27ms (compile: 13ms, proxy.ts: 10ms, render: 4ms)
 GET /api/agents 200 in 29ms (compile: 9ms, proxy.ts: 11ms, render: 9ms)
 GET /api/projects 200 in 33ms (compile: 18ms, proxy.ts: 10ms, render: 5ms)
 GET /api/quality-review?taskIds=2,3,4,5,6,7,8,9,1 200 in 36ms (compile: 11ms, proxy.ts: 20ms, render: 5ms)
 GET /api/quality-review?taskIds=2,3,4,5,6,7,8,9,1 200 in 14ms (compile: 4ms, proxy.ts: 6ms, render: 4ms)
 GET /api/sessions 200 in 1761ms (compile: 562ms, proxy.ts: 28ms, render: 1171ms)
